<?xml version="1.0" encoding="UTF-8"?>
<coverage generated="1699457164999" clover="3.2.0">
  <project timestamp="1699457164999" name="All files">
    <metrics statements="77" coveredstatements="75" conditionals="21" coveredconditionals="21" methods="12" coveredmethods="12" elements="110" coveredelements="108" complexity="0" loc="77" ncloc="77" packages="1" files="5" classes="5"/>
    <file name="AppVersionViewModel.js" path="C:\ClaroRepos\menu_hamburguesa_miniprogram\main\domain\AppVersionViewModel.js">
      <metrics statements="15" coveredstatements="13" conditionals="5" coveredconditionals="5" methods="1" coveredmethods="1"/>
      <line num="1" count="1" type="stmt"/>
      <line num="2" count="1" type="stmt"/>
      <line num="5" count="3" type="stmt"/>
      <line num="6" count="3" type="stmt"/>
      <line num="8" count="3" type="stmt"/>
      <line num="9" count="3" type="stmt"/>
      <line num="10" count="3" type="stmt"/>
      <line num="14" count="3" type="cond" truecount="5" falsecount="0"/>
      <line num="15" count="2" type="stmt"/>
      <line num="16" count="2" type="stmt"/>
      <line num="18" count="1" type="stmt"/>
      <line num="20" count="3" type="stmt"/>
      <line num="22" count="0" type="stmt"/>
      <line num="23" count="0" type="stmt"/>
      <line num="27" count="1" type="stmt"/>
    </file>
    <file name="BannerListViewModel.js" path="C:\ClaroRepos\menu_hamburguesa_miniprogram\main\domain\BannerListViewModel.js">
      <metrics statements="12" coveredstatements="12" conditionals="8" coveredconditionals="8" methods="2" coveredmethods="2"/>
      <line num="1" count="1" type="stmt"/>
      <line num="2" count="1" type="stmt"/>
      <line num="11" count="3" type="stmt"/>
      <line num="12" count="3" type="stmt"/>
      <line num="13" count="3" type="stmt"/>
      <line num="14" count="3" type="stmt"/>
      <line num="15" count="2" type="cond" truecount="2" falsecount="0"/>
      <line num="23" count="2" type="stmt"/>
      <line num="29" count="1" type="stmt"/>
      <line num="32" count="1" type="stmt"/>
      <line num="34" count="1" type="stmt"/>
      <line num="37" count="1" type="stmt"/>
    </file>
    <file name="ClaroVentasViewModel.js" path="C:\ClaroRepos\menu_hamburguesa_miniprogram\main\domain\ClaroVentasViewModel.js">
      <metrics statements="2" coveredstatements="2" conditionals="0" coveredconditionals="0" methods="1" coveredmethods="1"/>
      <line num="2" count="1" type="stmt"/>
      <line num="5" count="1" type="stmt"/>
    </file>
    <file name="DeviceSpectViewModel.js" path="C:\ClaroRepos\menu_hamburguesa_miniprogram\main\domain\DeviceSpectViewModel.js">
      <metrics statements="23" coveredstatements="23" conditionals="2" coveredconditionals="2" methods="4" coveredmethods="4"/>
      <line num="1" count="1" type="stmt"/>
      <line num="2" count="1" type="stmt"/>
      <line num="5" count="2" type="stmt"/>
      <line num="6" count="2" type="stmt"/>
      <line num="7" count="2" type="stmt"/>
      <line num="8" count="2" type="stmt"/>
      <line num="12" count="2" type="stmt"/>
      <line num="16" count="3" type="stmt"/>
      <line num="20" count="3" type="stmt"/>
      <line num="23" count="3" type="stmt"/>
      <line num="25" count="3" type="cond" truecount="2" falsecount="0"/>
      <line num="26" count="2" type="stmt"/>
      <line num="28" count="2" type="stmt"/>
      <line num="36" count="2" type="stmt"/>
      <line num="52" count="2" type="stmt"/>
      <line num="53" count="6" type="stmt"/>
      <line num="56" count="1" type="stmt"/>
      <line num="57" count="13" type="stmt"/>
      <line num="60" count="1" type="stmt"/>
      <line num="61" count="1" type="stmt"/>
      <line num="69" count="3" type="stmt"/>
      <line num="72" count="1" type="stmt"/>
      <line num="73" count="1" type="stmt"/>
    </file>
    <file name="RefreshTokenViewModel.js" path="C:\ClaroRepos\menu_hamburguesa_miniprogram\main\domain\RefreshTokenViewModel.js">
      <metrics statements="25" coveredstatements="25" conditionals="6" coveredconditionals="6" methods="4" coveredmethods="4"/>
      <line num="1" count="1" type="stmt"/>
      <line num="11" count="3" type="stmt"/>
      <line num="12" count="3" type="stmt"/>
      <line num="13" count="3" type="stmt"/>
      <line num="14" count="3" type="stmt"/>
      <line num="15" count="2" type="cond" truecount="6" falsecount="0"/>
      <line num="16" count="1" type="stmt"/>
      <line num="18" count="1" type="stmt"/>
      <line num="19" count="1" type="stmt"/>
      <line num="25" count="3" type="stmt"/>
      <line num="35" count="2" type="stmt"/>
      <line num="36" count="2" type="stmt"/>
      <line num="37" count="2" type="stmt"/>
      <line num="38" count="2" type="stmt"/>
      <line num="39" count="1" type="stmt"/>
      <line num="43" count="2" type="stmt"/>
      <line num="47" count="2" type="stmt"/>
      <line num="48" count="2" type="stmt"/>
      <line num="49" count="2" type="stmt"/>
      <line num="50" count="2" type="stmt"/>
      <line num="51" count="1" type="stmt"/>
      <line num="55" count="2" type="stmt"/>
      <line num="58" count="1" type="stmt"/>
      <line num="59" count="1" type="stmt"/>
      <line num="60" count="1" type="stmt"/>
    </file>
  </project>
</coverage>
