{"C:\\ClaroRepos\\menu_hamburguesa_miniprogram\\main\\domain\\AppVersionViewModel.js": {"path":"C:\\ClaroRepos\\menu_hamburguesa_miniprogram\\main\\domain\\AppVersionViewModel.js","statementMap":{"0":{"start":{"line":1,"column":27},"end":{"line":1,"column":84}},"1":{"start":{"line":2,"column":29},"end":{"line":2,"column":104}},"2":{"start":{"line":5,"column":31},"end":{"line":5,"column":57}},"3":{"start":{"line":6,"column":21},"end":{"line":6,"column":64}},"4":{"start":{"line":8,"column":17},"end":{"line":8,"column":47}},"5":{"start":{"line":9,"column":2},"end":{"line":24,"column":3}},"6":{"start":{"line":10,"column":16},"end":{"line":13,"column":5}},"7":{"start":{"line":14,"column":4},"end":{"line":19,"column":5}},"8":{"start":{"line":15,"column":6},"end":{"line":15,"column":28}},"9":{"start":{"line":16,"column":6},"end":{"line":16,"column":29}},"10":{"start":{"line":18,"column":6},"end":{"line":18,"column":69}},"11":{"start":{"line":20,"column":4},"end":{"line":20,"column":18}},"12":{"start":{"line":22,"column":4},"end":{"line":22,"column":67}},"13":{"start":{"line":23,"column":4},"end":{"line":23,"column":18}},"14":{"start":{"line":27,"column":0},"end":{"line":27,"column":45}}},"fnMap":{"0":{"name":"getAppVersion","decl":{"start":{"line":4,"column":15},"end":{"line":4,"column":28}},"loc":{"start":{"line":4,"column":43},"end":{"line":25,"column":1}},"line":4}},"branchMap":{"0":{"loc":{"start":{"line":14,"column":4},"end":{"line":19,"column":5}},"type":"if","locations":[{"start":{"line":14,"column":4},"end":{"line":19,"column":5}},{"start":{"line":17,"column":11},"end":{"line":19,"column":5}}],"line":14},"1":{"loc":{"start":{"line":14,"column":8},"end":{"line":14,"column":62}},"type":"binary-expr","locations":[{"start":{"line":14,"column":8},"end":{"line":14,"column":11}},{"start":{"line":14,"column":15},"end":{"line":14,"column":23}},{"start":{"line":14,"column":27},"end":{"line":14,"column":62}}],"line":14}},"s":{"0":1,"1":1,"2":3,"3":3,"4":3,"5":3,"6":3,"7":3,"8":2,"9":2,"10":1,"11":3,"12":0,"13":0,"14":1},"f":{"0":3},"b":{"0":[2,1],"1":[3,3,3]},"_coverageSchema":"1a1c01bbd47fc00a2c39e90264f33305004495a9","hash":"2ef2d9c4247949f219e1a99385a5112baa9fe2c6"}
,"C:\\ClaroRepos\\menu_hamburguesa_miniprogram\\main\\domain\\BannerListViewModel.js": {"path":"C:\\ClaroRepos\\menu_hamburguesa_miniprogram\\main\\domain\\BannerListViewModel.js","statementMap":{"0":{"start":{"line":1,"column":29},"end":{"line":1,"column":115}},"1":{"start":{"line":2,"column":19},"end":{"line":2,"column":101}},"2":{"start":{"line":11,"column":31},"end":{"line":11,"column":57}},"3":{"start":{"line":12,"column":21},"end":{"line":12,"column":37}},"4":{"start":{"line":13,"column":2},"end":{"line":33,"column":3}},"5":{"start":{"line":14,"column":16},"end":{"line":14,"column":74}},"6":{"start":{"line":15,"column":4},"end":{"line":30,"column":5}},"7":{"start":{"line":23,"column":6},"end":{"line":27,"column":10}},"8":{"start":{"line":23,"column":71},"end":{"line":27,"column":7}},"9":{"start":{"line":29,"column":6},"end":{"line":29,"column":19}},"10":{"start":{"line":32,"column":4},"end":{"line":32,"column":17}},"11":{"start":{"line":34,"column":2},"end":{"line":34,"column":20}},"12":{"start":{"line":37,"column":0},"end":{"line":37,"column":45}}},"fnMap":{"0":{"name":"ApiBannerList","decl":{"start":{"line":10,"column":15},"end":{"line":10,"column":28}},"loc":{"start":{"line":10,"column":41},"end":{"line":35,"column":1}},"line":10},"1":{"name":"(anonymous_1)","decl":{"start":{"line":23,"column":46},"end":{"line":23,"column":47}},"loc":{"start":{"line":23,"column":71},"end":{"line":27,"column":7}},"line":23}},"branchMap":{"0":{"loc":{"start":{"line":15,"column":4},"end":{"line":30,"column":5}},"type":"if","locations":[{"start":{"line":15,"column":4},"end":{"line":30,"column":5}},{"start":{"line":28,"column":11},"end":{"line":30,"column":5}}],"line":15},"1":{"loc":{"start":{"line":16,"column":6},"end":{"line":21,"column":26}},"type":"binary-expr","locations":[{"start":{"line":16,"column":6},"end":{"line":16,"column":9}},{"start":{"line":17,"column":6},"end":{"line":17,"column":14}},{"start":{"line":18,"column":6},"end":{"line":18,"column":23}},{"start":{"line":19,"column":6},"end":{"line":19,"column":32}},{"start":{"line":20,"column":6},"end":{"line":20,"column":37}},{"start":{"line":21,"column":6},"end":{"line":21,"column":26}}],"line":16}},"s":{"0":1,"1":1,"2":3,"3":3,"4":3,"5":3,"6":2,"7":1,"8":2,"9":1,"10":1,"11":1,"12":1},"f":{"0":3,"1":2},"b":{"0":[1,1],"1":[2,2,2,1,1,1]},"_coverageSchema":"1a1c01bbd47fc00a2c39e90264f33305004495a9","hash":"36449e246477d982144ecb33c8744d9c74b239fc"}
,"C:\\ClaroRepos\\menu_hamburguesa_miniprogram\\main\\domain\\ClaroVentasViewModel.js": {"path":"C:\\ClaroRepos\\menu_hamburguesa_miniprogram\\main\\domain\\ClaroVentasViewModel.js","statementMap":{"0":{"start":{"line":2,"column":2},"end":{"line":2,"column":60}},"1":{"start":{"line":5,"column":0},"end":{"line":5,"column":51}}},"fnMap":{"0":{"name":"getUrlClaroVentas","decl":{"start":{"line":1,"column":9},"end":{"line":1,"column":26}},"loc":{"start":{"line":1,"column":28},"end":{"line":3,"column":1}},"line":1}},"branchMap":{},"s":{"0":1,"1":1},"f":{"0":1},"b":{},"_coverageSchema":"1a1c01bbd47fc00a2c39e90264f33305004495a9","hash":"40fbb65a13dec4c047e3c1cd81b27d183f25b3d9"}
,"C:\\ClaroRepos\\menu_hamburguesa_miniprogram\\main\\domain\\DeviceSpectViewModel.js": {"path":"C:\\ClaroRepos\\menu_hamburguesa_miniprogram\\main\\domain\\DeviceSpectViewModel.js","statementMap":{"0":{"start":{"line":1,"column":30},"end":{"line":1,"column":104}},"1":{"start":{"line":2,"column":30},"end":{"line":2,"column":109}},"2":{"start":{"line":5,"column":17},"end":{"line":5,"column":21}},"3":{"start":{"line":6,"column":2},"end":{"line":11,"column":3}},"4":{"start":{"line":7,"column":34},"end":{"line":7,"column":61}},"5":{"start":{"line":8,"column":4},"end":{"line":8,"column":65}},"6":{"start":{"line":12,"column":2},"end":{"line":12,"column":18}},"7":{"start":{"line":16,"column":17},"end":{"line":19,"column":3}},"8":{"start":{"line":20,"column":2},"end":{"line":68,"column":3}},"9":{"start":{"line":23,"column":28},"end":{"line":23,"column":55}},"10":{"start":{"line":25,"column":4},"end":{"line":65,"column":5}},"11":{"start":{"line":26,"column":24},"end":{"line":26,"column":54}},"12":{"start":{"line":28,"column":24},"end":{"line":34,"column":7}},"13":{"start":{"line":36,"column":26},"end":{"line":50,"column":7}},"14":{"start":{"line":52,"column":6},"end":{"line":54,"column":9}},"15":{"start":{"line":53,"column":8},"end":{"line":53,"column":66}},"16":{"start":{"line":56,"column":6},"end":{"line":58,"column":9}},"17":{"start":{"line":57,"column":8},"end":{"line":57,"column":65}},"18":{"start":{"line":60,"column":6},"end":{"line":60,"column":28}},"19":{"start":{"line":61,"column":6},"end":{"line":64,"column":8}},"20":{"start":{"line":69,"column":2},"end":{"line":69,"column":16}},"21":{"start":{"line":72,"column":0},"end":{"line":72,"column":65}},"22":{"start":{"line":73,"column":0},"end":{"line":73,"column":59}}},"fnMap":{"0":{"name":"getInfoDeviceStorage","decl":{"start":{"line":4,"column":9},"end":{"line":4,"column":29}},"loc":{"start":{"line":4,"column":33},"end":{"line":13,"column":1}},"line":4},"1":{"name":"CreateInfoDeviceStorage","decl":{"start":{"line":15,"column":9},"end":{"line":15,"column":32}},"loc":{"start":{"line":15,"column":52},"end":{"line":70,"column":1}},"line":15},"2":{"name":"(anonymous_2)","decl":{"start":{"line":52,"column":56},"end":{"line":52,"column":57}},"loc":{"start":{"line":52,"column":65},"end":{"line":54,"column":7}},"line":52},"3":{"name":"(anonymous_3)","decl":{"start":{"line":56,"column":56},"end":{"line":56,"column":57}},"loc":{"start":{"line":56,"column":65},"end":{"line":58,"column":7}},"line":56}},"branchMap":{"0":{"loc":{"start":{"line":25,"column":4},"end":{"line":65,"column":5}},"type":"if","locations":[{"start":{"line":25,"column":4},"end":{"line":65,"column":5}},{"start":{},"end":{}}],"line":25}},"s":{"0":1,"1":1,"2":2,"3":2,"4":2,"5":2,"6":2,"7":3,"8":3,"9":3,"10":3,"11":2,"12":2,"13":2,"14":2,"15":6,"16":1,"17":13,"18":1,"19":1,"20":3,"21":1,"22":1},"f":{"0":2,"1":3,"2":6,"3":13},"b":{"0":[2,1]},"_coverageSchema":"1a1c01bbd47fc00a2c39e90264f33305004495a9","hash":"eee3f7f367b34a8b934f786091e0d76a2582e8db"}
,"C:\\ClaroRepos\\menu_hamburguesa_miniprogram\\main\\domain\\RefreshTokenViewModel.js": {"path":"C:\\ClaroRepos\\menu_hamburguesa_miniprogram\\main\\domain\\RefreshTokenViewModel.js","statementMap":{"0":{"start":{"line":1,"column":30},"end":{"line":1,"column":109}},"1":{"start":{"line":11,"column":26},"end":{"line":11,"column":53}},"2":{"start":{"line":12,"column":17},"end":{"line":12,"column":47}},"3":{"start":{"line":13,"column":2},"end":{"line":24,"column":3}},"4":{"start":{"line":14,"column":21},"end":{"line":14,"column":67}},"5":{"start":{"line":15,"column":4},"end":{"line":21,"column":5}},"6":{"start":{"line":16,"column":6},"end":{"line":20,"column":11}},"7":{"start":{"line":18,"column":10},"end":{"line":18,"column":39}},"8":{"start":{"line":19,"column":10},"end":{"line":19,"column":32}},"9":{"start":{"line":25,"column":2},"end":{"line":25,"column":16}},"10":{"start":{"line":35,"column":26},"end":{"line":35,"column":53}},"11":{"start":{"line":36,"column":17},"end":{"line":36,"column":47}},"12":{"start":{"line":37,"column":2},"end":{"line":42,"column":3}},"13":{"start":{"line":38,"column":4},"end":{"line":38,"column":64}},"14":{"start":{"line":39,"column":4},"end":{"line":39,"column":26}},"15":{"start":{"line":43,"column":2},"end":{"line":43,"column":16}},"16":{"start":{"line":47,"column":26},"end":{"line":47,"column":53}},"17":{"start":{"line":48,"column":17},"end":{"line":48,"column":47}},"18":{"start":{"line":49,"column":2},"end":{"line":54,"column":3}},"19":{"start":{"line":50,"column":4},"end":{"line":50,"column":67}},"20":{"start":{"line":51,"column":4},"end":{"line":51,"column":26}},"21":{"start":{"line":55,"column":2},"end":{"line":55,"column":16}},"22":{"start":{"line":58,"column":0},"end":{"line":58,"column":43}},"23":{"start":{"line":59,"column":0},"end":{"line":59,"column":53}},"24":{"start":{"line":60,"column":0},"end":{"line":60,"column":49}}},"fnMap":{"0":{"name":"refreshToken","decl":{"start":{"line":10,"column":15},"end":{"line":10,"column":27}},"loc":{"start":{"line":10,"column":42},"end":{"line":26,"column":1}},"line":10},"1":{"name":"(anonymous_1)","decl":{"start":{"line":17,"column":14},"end":{"line":17,"column":15}},"loc":{"start":{"line":17,"column":34},"end":{"line":20,"column":9}},"line":17},"2":{"name":"changeValueHeader","decl":{"start":{"line":34,"column":9},"end":{"line":34,"column":26}},"loc":{"start":{"line":34,"column":40},"end":{"line":44,"column":1}},"line":34},"3":{"name":"changeValueInfo","decl":{"start":{"line":46,"column":9},"end":{"line":46,"column":24}},"loc":{"start":{"line":46,"column":38},"end":{"line":56,"column":1}},"line":46}},"branchMap":{"0":{"loc":{"start":{"line":15,"column":4},"end":{"line":21,"column":5}},"type":"if","locations":[{"start":{"line":15,"column":4},"end":{"line":21,"column":5}},{"start":{},"end":{}}],"line":15},"1":{"loc":{"start":{"line":15,"column":8},"end":{"line":15,"column":88}},"type":"binary-expr","locations":[{"start":{"line":15,"column":8},"end":{"line":15,"column":16}},{"start":{"line":15,"column":20},"end":{"line":15,"column":33}},{"start":{"line":15,"column":37},"end":{"line":15,"column":62}},{"start":{"line":15,"column":66},"end":{"line":15,"column":88}}],"line":15}},"s":{"0":1,"1":3,"2":3,"3":3,"4":3,"5":2,"6":1,"7":1,"8":1,"9":3,"10":2,"11":2,"12":2,"13":2,"14":1,"15":2,"16":2,"17":2,"18":2,"19":2,"20":1,"21":2,"22":1,"23":1,"24":1},"f":{"0":3,"1":1,"2":2,"3":2},"b":{"0":[1,1],"1":[2,1,1,1]},"_coverageSchema":"1a1c01bbd47fc00a2c39e90264f33305004495a9","hash":"249dcb81472880e0848239d152975f132d9a9697"}
}
