TN:
SF:main\domain\AppVersionViewModel.js
FN:4,getAppVersion
FNF:1
FNH:1
FNDA:3,getAppVersion
DA:1,1
DA:2,1
DA:5,3
DA:6,3
DA:8,3
DA:9,3
DA:10,3
DA:14,3
DA:15,2
DA:16,2
DA:18,1
DA:20,3
DA:22,0
DA:23,0
DA:27,1
LF:15
LH:13
BRDA:14,0,0,2
BRDA:14,0,1,1
BRDA:14,1,0,3
BRDA:14,1,1,3
BRDA:14,1,2,3
BRF:5
BRH:5
end_of_record
TN:
SF:main\domain\BannerListViewModel.js
FN:10,ApiBannerList
FN:23,(anonymous_1)
FNF:2
FNH:2
FNDA:3,ApiBannerList
FNDA:2,(anonymous_1)
DA:1,1
DA:2,1
DA:11,3
DA:12,3
DA:13,3
DA:14,3
DA:15,2
DA:23,2
DA:29,1
DA:32,1
DA:34,1
DA:37,1
LF:12
LH:12
BRDA:15,0,0,1
BRDA:15,0,1,1
BRDA:16,1,0,2
BRDA:16,1,1,2
BRDA:16,1,2,2
BRDA:16,1,3,1
BRDA:16,1,4,1
BRDA:16,1,5,1
BRF:8
BRH:8
end_of_record
TN:
SF:main\domain\ClaroVentasViewModel.js
FN:1,getUrlClaroVentas
FNF:1
FNH:1
FNDA:1,getUrlClaroVentas
DA:2,1
DA:5,1
LF:2
LH:2
BRF:0
BRH:0
end_of_record
TN:
SF:main\domain\DeviceSpectViewModel.js
FN:4,getInfoDeviceStorage
FN:15,CreateInfoDeviceStorage
FN:52,(anonymous_2)
FN:56,(anonymous_3)
FNF:4
FNH:4
FNDA:2,getInfoDeviceStorage
FNDA:3,CreateInfoDeviceStorage
FNDA:6,(anonymous_2)
FNDA:13,(anonymous_3)
DA:1,1
DA:2,1
DA:5,2
DA:6,2
DA:7,2
DA:8,2
DA:12,2
DA:16,3
DA:20,3
DA:23,3
DA:25,3
DA:26,2
DA:28,2
DA:36,2
DA:52,2
DA:53,6
DA:56,1
DA:57,13
DA:60,1
DA:61,1
DA:69,3
DA:72,1
DA:73,1
LF:23
LH:23
BRDA:25,0,0,2
BRDA:25,0,1,1
BRF:2
BRH:2
end_of_record
TN:
SF:main\domain\RefreshTokenViewModel.js
FN:10,refreshToken
FN:17,(anonymous_1)
FN:34,changeValueHeader
FN:46,changeValueInfo
FNF:4
FNH:4
FNDA:3,refreshToken
FNDA:1,(anonymous_1)
FNDA:2,changeValueHeader
FNDA:2,changeValueInfo
DA:1,1
DA:11,3
DA:12,3
DA:13,3
DA:14,3
DA:15,2
DA:16,1
DA:18,1
DA:19,1
DA:25,3
DA:35,2
DA:36,2
DA:37,2
DA:38,2
DA:39,1
DA:43,2
DA:47,2
DA:48,2
DA:49,2
DA:50,2
DA:51,1
DA:55,2
DA:58,1
DA:59,1
DA:60,1
LF:25
LH:25
BRDA:15,0,0,1
BRDA:15,0,1,1
BRDA:15,1,0,2
BRDA:15,1,1,1
BRDA:15,1,2,1
BRDA:15,1,3,1
BRF:6
BRH:6
end_of_record
